[2026-04-09 18:33:19,044] 1025 httpx - INFO -HTTP Request: GET https://dagshub.com/api/v1/user "HTTP/1.1 200 OK"
[2026-04-09 18:33:19,049] 107 dagshub - INFO -Accessing as Yash6012
[2026-04-09 18:33:20,501] 1025 httpx - INFO -HTTP Request: GET https://dagshub.com/api/v1/repos/Yash6012/PacketPing "HTTP/1.1 200 OK"
[2026-04-09 18:33:21,920] 1025 httpx - INFO -HTTP Request: GET https://dagshub.com/api/v1/user "HTTP/1.1 200 OK"
[2026-04-09 18:33:21,922] 107 dagshub - INFO -Initialized MLflow to track repo "Yash6012/PacketPing"
[2026-04-09 18:33:21,922] 107 dagshub - INFO -Repository Yash6012/PacketPing initialized!
[2026-04-09 18:33:42,456] 39 root - INFO -Starting Data Ingestion
[2026-04-09 18:33:45,856] 63 root - INFO -Performed train test split on the dataframe
[2026-04-09 18:33:45,856] 65 root - INFO -Exited split_data_as_train_test method of Dat_Ingestion class
[2026-04-09 18:33:45,857] 69 root - INFO -Exporting train and test file path.
[2026-04-09 18:33:45,901] 78 root - INFO -Exported train and test file path.
[2026-04-09 18:33:45,902] 42 root - INFO -Data Ingestion Completed and artifact: DataIngestionArtifact(trained_file_path='Artifacts\\04_09_202618_32_47\\data_ingestion\\ingested\\train.csv', test_file_path='Artifacts\\04_09_202618_32_47\\data_ingestion\\ingested\\test.csv')
[2026-04-09 18:33:45,916] 51 root - INFO -Initiating Data Validation
[2026-04-09 18:33:45,984] 38 root - INFO -Required number of columns: 31
[2026-04-09 18:33:45,984] 39 root - INFO -Data frame has columns: 31
[2026-04-09 18:33:45,984] 38 root - INFO -Required number of columns: 31
[2026-04-09 18:33:45,984] 39 root - INFO -Data frame has columns: 31
[2026-04-09 18:33:46,122] 68 root - INFO -Entered initiate_data_transformation method of DataTransformation class
[2026-04-09 18:33:46,122] 70 root - INFO -Starting data trandformation
[2026-04-09 18:33:46,182] 56 root - INFO -Entered get_data_transformer_object method of Transformation class.
[2026-04-09 18:33:46,182] 59 root - INFO -Initialise KNNImputer with {'missing_values': nan, 'n_neighbors': 3, 'weights': 'uniform'}
[2026-04-09 18:33:46,193] 48 root - INFO -Entered the save_object method of MainUtils class
[2026-04-09 18:33:46,196] 52 root - INFO -Exited the save_object method of MainUtils class
[2026-04-09 18:33:46,196] 48 root - INFO -Entered the save_object method of MainUtils class
[2026-04-09 18:33:46,198] 52 root - INFO -Exited the save_object method of MainUtils class
[2026-04-09 18:38:28,281] 48 root - INFO -Entered the save_object method of MainUtils class
[2026-04-09 18:38:28,317] 52 root - INFO -Exited the save_object method of MainUtils class
[2026-04-09 18:38:28,317] 48 root - INFO -Entered the save_object method of MainUtils class
[2026-04-09 18:38:28,349] 52 root - INFO -Exited the save_object method of MainUtils class
[2026-04-09 18:38:28,349] 125 root - INFO -Model trainer artifact created: ModelTrainerArtifact(trained_model_file_path='Artifacts\\04_09_202618_32_47\\model_trainer\\trained_model\\model.pkl', train_metric_artifact=ClassificationMetricArtifact(f1_score=0.9911975435005118, precision_score=0.9895769466584917, recall_score=0.9928234570432644), test_metric_artifact=ClassificationMetricArtifact(f1_score=0.9782439782439782, precision_score=0.972952086553323, recall_score=0.98359375))
